# JRE version: OpenJDK Runtime Environment (11.0.2+9) (build 11.0.2+9)
# Java VM: OpenJDK 64-Bit Server VM (11.0.2+9, mixed mode, tiered, compressed oops, g1 gc, windows-amd64)
Heap:
 garbage-first heap   total 287744K, used 147819K [0x0000000081c00000, 0x0000000100000000)
  region size 1024K, 30 young (30720K), 8 survivors (8192K)
 Metaspace       used 75711K, capacity 79193K, committed 79312K, reserved 1118208K
  class space    used 9464K, capacity 10915K, committed 11008K, reserved 1048576K
GC Heap History (10 events):
Event: 600.515 GC heap before
{Heap before GC invocations=325 (full 0):
 garbage-first heap   total 287744K, used 230436K [0x0000000081c00000, 0x0000000100000000)
  region size 1024K, 126 young (129024K), 11 survivors (11264K)
 Metaspace       used 75705K, capacity 79193K, committed 79312K, reserved 1118208K
  class space    used 9464K, capacity 10915K, committed 11008K, reserved 1048576K
}
Event: 600.518 GC heap after
{Heap after GC invocations=326 (full 0):
 garbage-first heap   total 287744K, used 117472K [0x0000000081c00000, 0x0000000100000000)
  region size 1024K, 12 young (12288K), 12 survivors (12288K)
 Metaspace       used 75705K, capacity 79193K, committed 79312K, reserved 1118208K
  class space    used 9464K, capacity 10915K, committed 11008K, reserved 1048576K
}
Event: 601.047 GC heap before
{Heap before GC invocations=326 (full 0):
 garbage-first heap   total 287744K, used 227040K [0x0000000081c00000, 0x0000000100000000)
  region size 1024K, 120 young (122880K), 12 survivors (12288K)
 Metaspace       used 75708K, capacity 79193K, committed 79312K, reserved 1118208K
  class space    used 9464K, capacity 10915K, committed 11008K, reserved 1048576K
}
Event: 601.050 GC heap after
{Heap after GC invocations=327 (full 0):
 garbage-first heap   total 287744K, used 119248K [0x0000000081c00000, 0x0000000100000000)
  region size 1024K, 10 young (10240K), 10 survivors (10240K)
 Metaspace       used 75708K, capacity 79193K, committed 79312K, reserved 1118208K
  class space    used 9464K, capacity 10915K, committed 11008K, reserved 1048576K
}
Event: 601.518 GC heap before
{Heap before GC invocations=327 (full 0):
 garbage-first heap   total 287744K, used 227792K [0x0000000081c00000, 0x0000000100000000)
  region size 1024K, 117 young (119808K), 10 survivors (10240K)
 Metaspace       used 75708K, capacity 79193K, committed 79312K, reserved 1118208K
  class space    used 9464K, capacity 10915K, committed 11008K, reserved 1048576K
}
Event: 601.521 GC heap after
{Heap after GC invocations=328 (full 0):
 garbage-first heap   total 287744K, used 124129K [0x0000000081c00000, 0x0000000100000000)
  region size 1024K, 12 young (12288K), 12 survivors (12288K)
 Metaspace       used 75708K, capacity 79193K, committed 79312K, reserved 1118208K
  class space    used 9464K, capacity 10915K, committed 11008K, reserved 1048576K
}
Event: 603.028 GC heap before
{Heap before GC invocations=328 (full 0):
 garbage-first heap   total 287744K, used 226529K [0x0000000081c00000, 0x0000000100000000)
  region size 1024K, 113 young (115712K), 12 survivors (12288K)
 Metaspace       used 75709K, capacity 79193K, committed 79312K, reserved 1118208K
  class space    used 9464K, capacity 10915K, committed 11008K, reserved 1048576K
}
Event: 603.031 GC heap after
{Heap after GC invocations=329 (full 0):
 garbage-first heap   total 287744K, used 125451K [0x0000000081c00000, 0x0000000100000000)
  region size 1024K, 10 young (10240K), 10 survivors (10240K)
 Metaspace       used 75709K, capacity 79193K, committed 79312K, reserved 1118208K
  class space    used 9464K, capacity 10915K, committed 11008K, reserved 1048576K
}
Event: 606.031 GC heap before
{Heap before GC invocations=329 (full 0):
 garbage-first heap   total 287744K, used 226827K [0x0000000081c00000, 0x0000000100000000)
  region size 1024K, 110 young (112640K), 10 survivors (10240K)
 Metaspace       used 75711K, capacity 79193K, committed 79312K, reserved 1118208K
  class space    used 9464K, capacity 10915K, committed 11008K, reserved 1048576K
}
Event: 606.033 GC heap after
{Heap after GC invocations=330 (full 0):
 garbage-first heap   total 287744K, used 126315K [0x0000000081c00000, 0x0000000100000000)
  region size 1024K, 8 young (8192K), 8 survivors (8192K)
 Metaspace       used 75711K, capacity 79193K, committed 79312K, reserved 1118208K
  class space    used 9464K, capacity 10915K, committed 11008K, reserved 1048576K
}

